<?xml version="1.0" encoding="UTF-8"?>
<!-- Generated by org.testng.reporters.JUnitReportReporter -->
<testsuite skipped="0" hostname="SaadMansuri" name="Test_GroupID.Test_ART_ID.App" tests="1" failures="0" timestamp="2020-03-13T23:47:19 IST" time="0.020" errors="0">
  <testcase name="test1" time="0.020" classname="Test_GroupID.Test_ART_ID.App"/>
  <system-out/>
</testsuite> <!-- Test_GroupID.Test_ART_ID.App -->
